Change Component Comment : Designator=C? Old Comment=4700uF/16V New Comment=220uF/250V
Added Component: Designator=C?(CP3/7)
Add component (AddParameter): Name = "Description 1"; Value = "10KuF=>22KuF/6,3V - 6800uF=>15KuF/10V"; VariantName = "[No Variations]"
Add component (AddParameter): Name = "Description 2"; Value = "4700uF=>10KuF/16V - 3300uF => 6800uF/25V"; VariantName = "[No Variations]"
Add component (AddParameter): Name = "Description 3"; Value = "2200uF=>3300uF/50V_1KuF=>2200uF/63V"; VariantName = "[No Variations]"
Add component (AddParameter): Name = "Description 4"; Value = "470uF => 1KuF/100V - 220uF-470uF/160V"; VariantName = "[No Variations]"
Add component (AddParameter): Name = "Description 5"; Value = "100uF=>220uF/200V -100uF=>330uF/350V"; VariantName = "[No Variations]"
Add component (AddParameter): Name = "Description 6"; Value = "33uF=>100/350V-400V  -  22uF=>33uF/450V"; VariantName = "[No Variations]"
Add component (AddParameter): Name = "Value"; Value = "2200uF/16V"; VariantName = "[No Variations]"
Added Component: Designator=Q?(QTO-220)
Add component (AddParameter): Name = "Value"; Value = "TIP41"; VariantName = "[No Variations]"
Added Pin To Net: NetName=NetBR?_1 Pin=BR?-1
Added Pin To Net: NetName=NetBR?_1 Pin=C?-1
Added Net: Name=NetBR?_1
Added Pin To Net: NetName=NetBR?_4 Pin=BR?-4
Added Pin To Net: NetName=NetBR?_4 Pin=C?-2
Added Net: Name=NetBR?_4
Added Pin To Net: NetName=NetC?_1 Pin=C?-1
Added Pin To Net: NetName=NetC?_1 Pin=C?-2
Added Net: Name=NetC?_1
Added Member To Class: ClassName=PWR12V15A Member=Component C? 220uF/250V
Added Member To Class: ClassName=PWR12V15A Member=Component C? MOV
Added Member To Class: ClassName=PWR12V15A Member=Component C? MOV
Added Member To Class: ClassName=PWR12V15A Member=Component C? 220uF/250V
Added Member To Class: ClassName=PWR12V15A Member=Component C? 474/1200V
Added Member To Class: ClassName=PWR12V15A Member=Component Q? H1061
