Removed Pin From Net: NetName=GND_PRI Pin=L?-3
Added Component: Designator=C1(CP2/4)
Add component (AddParameter): Name = "Description 1"; Value = "4700uF-6800uF/6,3V - 3300uF-4700uF/10V"; VariantName = "[No Variations]"
Add component (AddParameter): Name = "Description 2"; Value = "2200uF-3300uF/16V - 470uF => 2200uF/25V"; VariantName = "[No Variations]"
Add component (AddParameter): Name = "Description 3"; Value = "1000uF/35V-50V_470uF/63V_220uF>330uF/100V"; VariantName = "[No Variations]"
Add component (AddParameter): Name = "Description 4"; Value = "47uF => 100uF/160V - 33uF-47uF/250V"; VariantName = "[No Variations]"
Add component (AddParameter): Name = "Description 5"; Value = "47uF/200V - 22uF/350V - 400V - 10uF/450V"; VariantName = "[No Variations]"
Add component (AddParameter): Name = "Value"; Value = "2200uF/16V"; VariantName = "[No Variations]"
Added Pin To Net: NetName=GND_P1 Pin=L?-1
Added Pin To Net: NetName=AC-N Pin=L?-3
Added Pin To Net: NetName=GND_PRI Pin=L?-3
Added Pin To Net: NetName=GND_PRI Pin=L?-4
Added Member To Class: ClassName=PWR12V15A Member=Component C1 2200uF/16V
Added Member To Class: ClassName=PWR12V15A Member=Component C? 1uF/63V
Added Member To Class: ClassName=PWR12V15A Member=Component C? 105J/400V
Added Member To Class: ClassName=PWR12V15A Member=Component C? 2A102J
Added Member To Class: ClassName=PWR12V15A Member=Component C? JNC222
Added Member To Class: ClassName=PWR12V15A Member=Component C? 2A103J
Added Member To Class: ClassName=PWR12V15A Member=Component C? X2 0.1uF
Added Member To Class: ClassName=PWR12V15A Member=Component C? 47uf/50V
Added Member To Class: ClassName=PWR12V15A Member=Component C? 103/1kV
Added Member To Class: ClassName=PWR12V15A Member=Component C? 220uF/250V
Added Member To Class: ClassName=PWR12V15A Member=Component C? 2A333J
Added Member To Class: ClassName=PWR12V15A Member=Component C? 102/1kV
Added Member To Class: ClassName=PWR12V15A Member=Component C? X2 0.22uF
Added Member To Class: ClassName=PWR12V15A Member=Component C? 102/1kV
Added Member To Class: ClassName=PWR12V15A Member=Component C? 220uF/250V
Added Member To Class: ClassName=PWR12V15A Member=Component C? 47uf/50V
Added Member To Class: ClassName=PWR12V15A Member=Component C? JNC222
Added Member To Class: ClassName=PWR12V15A Member=Component C? 4.7uF/63V
Added Member To Class: ClassName=PWR12V15A Member=Component C? 2A222J
Added Member To Class: ClassName=PWR12V15A Member=Component C? 102/1kV
Added Member To Class: ClassName=PWR12V15A Member=Component C? 4.7uF/63V
Added Member To Class: ClassName=PWR12V15A Member=Component D? FR157
Added Member To Class: ClassName=PWR12V15A Member=Component D? 1N4007
Added Member To Class: ClassName=PWR12V15A Member=Component D? MBR30100
Added Member To Class: ClassName=PWR12V15A Member=Component D? FR107
Added Member To Class: ClassName=PWR12V15A Member=Component D? 1N4148
Added Member To Class: ClassName=PWR12V15A Member=Component D? 1N4007
Added Member To Class: ClassName=PWR12V15A Member=Component D? 1N4148
Added Member To Class: ClassName=PWR12V15A Member=Component D? FR107
Added Member To Class: ClassName=PWR12V15A Member=Component D? FR157
Added Member To Class: ClassName=PWR12V15A Member=Component L? INDUC-FIL_DC
Added Member To Class: ClassName=PWR12V15A Member=Component L? INDUC-FILT
Added Member To Class: ClassName=PWR12V15A Member=Component Q? 13009
Added Member To Class: ClassName=PWR12V15A Member=Component Q? 13009
Added Member To Class: ClassName=PWR12V15A Member=Component Q? C1815
Added Member To Class: ClassName=PWR12V15A Member=Component Q? C2633
Added Member To Class: ClassName=PWR12V15A Member=Component R? 22K
Added Member To Class: ClassName=PWR12V15A Member=Component R? 300K
Added Member To Class: ClassName=PWR12V15A Member=Component R? 1.5K
Added Member To Class: ClassName=PWR12V15A Member=Component R? 5.6K
Added Member To Class: ClassName=PWR12V15A Member=Component R? 6.8K
Added Member To Class: ClassName=PWR12V15A Member=Component R? 150K
Added Member To Class: ClassName=PWR12V15A Member=Component R? 5.6K
Added Member To Class: ClassName=PWR12V15A Member=Component R? 100K
Added Member To Class: ClassName=PWR12V15A Member=Component R? 820K
Added Member To Class: ClassName=PWR12V15A Member=Component R? 300K
Added Member To Class: ClassName=PWR12V15A Member=Component R? 1.5K
Added Member To Class: ClassName=PWR12V15A Member=Component R? 100R
Added Member To Class: ClassName=PWR12V15A Member=Component R? 5.6K
Added Member To Class: ClassName=PWR12V15A Member=Component R? 150K
Added Member To Class: ClassName=PWR12V15A Member=Component R? 100K
Added Member To Class: ClassName=PWR12V15A Member=Component R? 15R
Added Member To Class: ClassName=PWR12V15A Member=Component R? 12K
Added Member To Class: ClassName=PWR12V15A Member=Component R? 0.01R
Added Member To Class: ClassName=PWR12V15A Member=Component R? 47K
Added Member To Class: ClassName=PWR12V15A Member=Component R? 47/2W
Added Member To Class: ClassName=PWR12V15A Member=Component R? 1.5K
Added Member To Class: ClassName=PWR12V15A Member=Component R? ZENNER
Added Member To Class: ClassName=PWR12V15A Member=Component R? 100R
Added Member To Class: ClassName=PWR12V15A Member=Component R? 0.01R
Added Member To Class: ClassName=PWR12V15A Member=Component R? 1.5K
Added Member To Class: ClassName=PWR12V15A Member=Component R? 1.2K
Added Member To Class: ClassName=PWR12V15A Member=Component R? 3.9K
Added Member To Class: ClassName=PWR12V15A Member=Component R? 2.2R
Added Member To Class: ClassName=PWR12V15A Member=Component R? 15R
Added Member To Class: ClassName=PWR12V15A Member=Component R? 3.9K
Added Member To Class: ClassName=PWR12V15A Member=Component R? 3.9K
Added Member To Class: ClassName=PWR12V15A Member=Component R? 3.9K
Added Member To Class: ClassName=PWR12V15A Member=Component R? 2.2R
Added Member To Class: ClassName=PWR12V15A Member=Component R? ZENNER
