Added Component: Designator=L2(TRANSFOMER)
Added Component: Designator=L3(INDUCFIL_DC)
Added Component: Designator=T1(TRANFOMER_ISOLATE)
Added Pin To Net: NetName=SWI Pin=L2-1
Added Pin To Net: NetName=NetC3_2 Pin=L2-2
Added Pin To Net: NetName=GND_PRI Pin=L2-3
Added Pin To Net: NetName=GND_PRI Pin=L2-4
Added Pin To Net: NetName=GND_PRI Pin=L2-5
Added Pin To Net: NetName=NetC14_2 Pin=L2-6
Added Pin To Net: NetName=NetC14_2 Pin=L2-7
Added Pin To Net: NetName=NetC13_2 Pin=L2-8
Added Pin To Net: NetName=NetD2_1 Pin=L2-9
Added Pin To Net: NetName=NetD1_1 Pin=L2-10
Added Pin To Net: NetName=NetD3_2 Pin=L3-1
Added Pin To Net: NetName=NetD3_2 Pin=L3-2
Added Pin To Net: NetName=NetD3_2 Pin=L3-3
Added Pin To Net: NetName=+12V Pin=L3-4
Added Pin To Net: NetName=+12V Pin=L3-5
Added Pin To Net: NetName=+12V Pin=L3-6
Added Pin To Net: NetName=NetQ1_2 Pin=T1-1
Added Pin To Net: NetName=NetR16_2 Pin=T1-2
Added Pin To Net: NetName=OUT_2ISO Pin=T1-3
Added Pin To Net: NetName=NetC18_1 Pin=T1-4
Added Pin To Net: NetName=SWI Pin=T1-5
Added Pin To Net: NetName=GND_IN Pin=T1-6
Added Pin To Net: NetName=NetD4_1 Pin=T1-7
Added Pin To Net: NetName=NetC15_1 Pin=T1-8
Added Member To Class: ClassName=PWR12V15A Member=Component C1 103/1kV
Added Member To Class: ClassName=PWR12V15A Member=Component D10 1N4148
Added Member To Class: ClassName=PWR12V15A Member=Component L2 EE40
Added Member To Class: ClassName=PWR12V15A Member=Component L3 INDUC-FIL_DC
Added Member To Class: ClassName=PWR12V15A Member=Component Q3 13009
Added Member To Class: ClassName=PWR12V15A Member=Component R26 5.6K
Added Member To Class: ClassName=PWR12V15A Member=Component T1 ISOLATE
