Removed Pin From Net: NetName=GND_P1 Pin=L?-1
Removed Pin From Net: NetName=GND_PRI Pin=L?-3
Removed Pin From Net: NetName=GND_PRI Pin=L?-4
Change Component Footprint: Designator=R? Old Footprint=DIO-2A New Footprint=DIO-2A-ZEN
Added Component: Designator=Q?(TO92-123)
Add component (AddParameter): Name = "Value"; Value = "C1815"; VariantName = "[No Variations]"
Added Pin To Net: NetName=GND_P1 Pin=L?-1
Added Pin To Net: NetName=NetC?_2 Pin=L?-1
Added Pin To Net: NetName=AC-N Pin=L?-3
Added Pin To Net: NetName=GND_PRI Pin=L?-3
Added Pin To Net: NetName=GND_PRI Pin=L?-4
Added Pin To Net: NetName=NetBR?_3 Pin=L?-4
Added Pin To Net: NetName=NetQ?_2 Pin=Q?-2
Added Pin To Net: NetName=NetQ?_2 Pin=R?-1
Added Net: Name=NetQ?_2
Added Net: Name=OUT_1
Added Net: Name=OUT_2
Added Pin To Net: NetName=VCC Pin=Q?-3
Added Net: Name=VCC
Added Member To Class: ClassName=PWR12V15A Member=Component C? X2 0.22uF
Added Member To Class: ClassName=PWR12V15A Member=Component C? 220uF/250V
Added Member To Class: ClassName=PWR12V15A Member=Component C? 47uf/50V
Added Member To Class: ClassName=PWR12V15A Member=Component C? X2 0.1uF
Added Member To Class: ClassName=PWR12V15A Member=Component C? 220uF/250V
Added Member To Class: ClassName=PWR12V15A Member=Component C? JNC222
Added Member To Class: ClassName=PWR12V15A Member=Component C? 105J/400V
Added Member To Class: ClassName=PWR12V15A Member=Component C? JNC222
Added Member To Class: ClassName=PWR12V15A Member=Component C? 103/1kV
Added Member To Class: ClassName=PWR12V15A Member=Component C? 4.7uF/63V
Added Member To Class: ClassName=PWR12V15A Member=Component C? 103/1kV
Added Member To Class: ClassName=PWR12V15A Member=Component D? FR157
Added Member To Class: ClassName=PWR12V15A Member=Component D? FR107
Added Member To Class: ClassName=PWR12V15A Member=Component D? MBR30100
Added Member To Class: ClassName=PWR12V15A Member=Component D? FR157
Added Member To Class: ClassName=PWR12V15A Member=Component D? 1N4007
Added Member To Class: ClassName=PWR12V15A Member=Component D? FR107
Added Member To Class: ClassName=PWR12V15A Member=Component L? INDUC-FILT
Added Member To Class: ClassName=PWR12V15A Member=Component Q? 2SC1815
Added Member To Class: ClassName=PWR12V15A Member=Component Q? 13009
Added Member To Class: ClassName=PWR12V15A Member=Component R? 300K
Added Member To Class: ClassName=PWR12V15A Member=Component R? 15R
Added Member To Class: ClassName=PWR12V15A Member=Component R? 820K
Added Member To Class: ClassName=PWR12V15A Member=Component R? 47/2W
Added Member To Class: ClassName=PWR12V15A Member=Component R? 150K
Added Member To Class: ClassName=PWR12V15A Member=Component R? 0.01R
Added Member To Class: ClassName=PWR12V15A Member=Component R? 15R
Added Member To Class: ClassName=PWR12V15A Member=Component R? 2.2R
Added Member To Class: ClassName=PWR12V15A Member=Component R? 300K
Added Member To Class: ClassName=PWR12V15A Member=Component R? 3.9K
Added Member To Class: ClassName=PWR12V15A Member=Component R? 2.2R
Added Member To Class: ClassName=PWR12V15A Member=Component R? DIODE Zener
Added Member To Class: ClassName=PWR12V15A Member=Component R? 0.01R
Added Member To Class: ClassName=PWR12V15A Member=Component R? 1.5K
Added Member To Class: ClassName=PWR12V15A Member=Component R? 3.9K
Added Member To Class: ClassName=PWR12V15A Member=Component R? 150K
