Added Component: Designator=C11(CAP-5MM)
Added Component: Designator=C12(CAP-5MM)
Added Component: Designator=C16(CAP-5MM)
Added Component: Designator=C17(CAP-5MM)
Added Component: Designator=C19(CAP-5MM)
Added Pin To Net: NetName=+12V Pin=C11-1
Added Pin To Net: NetName=GND_OUT Pin=C11-2
Added Pin To Net: NetName=+12V Pin=C12-1
Added Pin To Net: NetName=GND_OUT Pin=C12-2
Added Pin To Net: NetName=+12V Pin=C16-1
Added Pin To Net: NetName=GND_OUT Pin=C16-2
Added Pin To Net: NetName=+12V Pin=C17-1
Added Pin To Net: NetName=GND_OUT Pin=C17-2
Added Pin To Net: NetName=+12V Pin=C19-1
Added Pin To Net: NetName=GND_OUT Pin=C19-2
Added Member To Class: ClassName=PWR12V15A Member=Component C11 1000uF/16V
Added Member To Class: ClassName=PWR12V15A Member=Component C12 1000uF/16V
Added Member To Class: ClassName=PWR12V15A Member=Component C16 1000uF/16V
Added Member To Class: ClassName=PWR12V15A Member=Component C17 1000uF/16V
Added Member To Class: ClassName=PWR12V15A Member=Component C19 1000uF/16V
Added Room: Name=PWR12V15A
